0 info it worked if it ends with ok
1 verbose cli [ 'node', '/usr/local/bin/npm', 'install', '-g', 'n' ]
2 info using npm@2.7.4
3 info using node@v0.12.0
4 verbose node symlink /usr/local/bin/node
5 silly cache add args [ 'n', null ]
6 verbose cache add spec n
7 silly cache add parsed spec { raw: 'n',
7 silly cache add   scope: null,
7 silly cache add   name: 'n',
7 silly cache add   rawSpec: '',
7 silly cache add   spec: '*',
7 silly cache add   type: 'range' }
8 verbose addNamed n@*
9 silly addNamed semver.valid null
10 silly addNamed semver.validRange *
11 silly addNameRange { name: 'n', range: '*', hasData: false }
12 silly mapToRegistry name n
13 silly mapToRegistry using default registry
14 silly mapToRegistry registry https://registry.npmjs.org/
15 silly mapToRegistry uri https://registry.npmjs.org/n
16 verbose addNameRange registry:https://registry.npmjs.org/n not in flight; fetching
17 verbose request uri https://registry.npmjs.org/n
18 verbose request no auth needed
19 info attempt registry request try #1 at 3:30:44 PM
20 verbose request id 4575c2ee2a25f942
21 http request GET https://registry.npmjs.org/n
22 http 200 https://registry.npmjs.org/n
23 silly get cb [ 200,
23 silly get   { date: 'Fri, 10 Apr 2015 22:30:44 GMT',
23 silly get     server: 'CouchDB/1.5.0 (Erlang OTP/R16B03)',
23 silly get     etag: '"5KTW0QSDCVT36AG0GI73HG2OZ"',
23 silly get     'content-type': 'application/json',
23 silly get     'cache-control': 'max-age=60',
23 silly get     'content-length': '41588',
23 silly get     'accept-ranges': 'bytes',
23 silly get     via: '1.1 varnish',
23 silly get     age: '0',
23 silly get     'x-served-by': 'cache-sjc3125-SJC',
23 silly get     'x-cache': 'HIT',
23 silly get     'x-cache-hits': '1',
23 silly get     'x-timer': 'S1428705044.389629,VS0,VE86',
23 silly get     vary: 'Accept',
23 silly get     'keep-alive': 'timeout=10, max=50',
23 silly get     connection: 'Keep-Alive' } ]
24 verbose get saving n to /Users/ryanwarner/.npm/registry.npmjs.org/n/.cache.json
25 verbose getCacheStat cache creation not in flight; initializing
26 silly addNameRange number 2 { name: 'n', range: '*', hasData: true }
27 silly addNameRange versions [ 'n',
27 silly addNameRange   [ '0.0.1',
27 silly addNameRange     '0.0.2',
27 silly addNameRange     '0.0.3',
27 silly addNameRange     '0.0.4',
27 silly addNameRange     '0.1.0',
27 silly addNameRange     '0.1.1',
27 silly addNameRange     '0.1.2',
27 silly addNameRange     '0.2.0',
27 silly addNameRange     '0.2.1',
27 silly addNameRange     '0.2.2',
27 silly addNameRange     '0.3.0',
27 silly addNameRange     '0.4.0',
27 silly addNameRange     '0.4.1',
27 silly addNameRange     '0.4.2',
27 silly addNameRange     '0.5.0',
27 silly addNameRange     '0.5.1',
27 silly addNameRange     '0.5.2',
27 silly addNameRange     '0.5.3',
27 silly addNameRange     '0.5.4',
27 silly addNameRange     '0.6.0',
27 silly addNameRange     '0.6.1',
27 silly addNameRange     '0.7.0',
27 silly addNameRange     '0.7.1',
27 silly addNameRange     '0.7.2',
27 silly addNameRange     '0.7.3',
27 silly addNameRange     '0.8.0',
27 silly addNameRange     '0.8.1',
27 silly addNameRange     '0.8.2',
27 silly addNameRange     '0.9.0',
27 silly addNameRange     '0.9.1',
27 silly addNameRange     '0.9.2',
27 silly addNameRange     '0.9.3',
27 silly addNameRange     '1.0.0',
27 silly addNameRange     '1.1.0',
27 silly addNameRange     '1.2.1',
27 silly addNameRange     '1.2.2',
27 silly addNameRange     '1.2.3',
27 silly addNameRange     '1.2.4',
27 silly addNameRange     '1.2.5',
27 silly addNameRange     '1.2.6',
27 silly addNameRange     '1.2.7',
27 silly addNameRange     '1.2.8',
27 silly addNameRange     '1.2.9',
27 silly addNameRange     '1.2.11',
27 silly addNameRange     '1.2.13',
27 silly addNameRange     '1.2.14',
27 silly addNameRange     '1.3.0' ] ]
28 verbose addNamed n@1.3.0
29 silly addNamed semver.valid 1.3.0
30 silly addNamed semver.validRange 1.3.0
31 silly mapToRegistry name n
32 silly mapToRegistry using default registry
33 silly mapToRegistry registry https://registry.npmjs.org/
34 silly mapToRegistry uri https://registry.npmjs.org/n
35 verbose addRemoteTarball https://registry.npmjs.org/n/-/n-1.3.0.tgz not in flight; adding
36 verbose addRemoteTarball [ 'https://registry.npmjs.org/n/-/n-1.3.0.tgz',
36 verbose addRemoteTarball   '95afad80d2c73e89151efc0b4e6a8905cbb8ed2d' ]
37 info retry fetch attempt 1 at 3:30:44 PM
38 info attempt registry request try #1 at 3:30:44 PM
39 http fetch GET https://registry.npmjs.org/n/-/n-1.3.0.tgz
40 http fetch 200 https://registry.npmjs.org/n/-/n-1.3.0.tgz
41 silly fetchAndShaCheck shasum 95afad80d2c73e89151efc0b4e6a8905cbb8ed2d
42 verbose addTmpTarball /tmp/npm-31394-126d7f4b/registry.npmjs.org/n/-/n-1.3.0.tgz not in flight; adding
43 verbose addTmpTarball already have metadata; skipping unpack for n@1.3.0
44 silly cache afterAdd n@1.3.0
45 verbose afterAdd /Users/ryanwarner/.npm/n/1.3.0/package/package.json not in flight; writing
46 verbose afterAdd /Users/ryanwarner/.npm/n/1.3.0/package/package.json written
47 silly install resolved [ { name: 'n',
47 silly install resolved     description: 'node version manager',
47 silly install resolved     version: '1.3.0',
47 silly install resolved     author: { name: 'TJ Holowaychuk', email: 'tj@vision-media.ca' },
47 silly install resolved     homepage: 'https://github.com/tj/n',
47 silly install resolved     bugs: { url: 'https://github.com/tj/n/issues' },
47 silly install resolved     contributors: [ [Object] ],
47 silly install resolved     keywords:
47 silly install resolved      [ 'nvm',
47 silly install resolved        'node',
47 silly install resolved        'version',
47 silly install resolved        'manager',
47 silly install resolved        'switcher',
47 silly install resolved        'node',
47 silly install resolved        'binary',
47 silly install resolved        'env' ],
47 silly install resolved     bin: { n: './bin/n' },
47 silly install resolved     repository: { type: 'git', url: 'git://github.com/tj/n.git' },
47 silly install resolved     preferGlobal: true,
47 silly install resolved     os: [ '!win32' ],
47 silly install resolved     engines: { node: '*' },
47 silly install resolved     license: 'MIT',
47 silly install resolved     gitHead: 'ab194b3b1ca8539b2b1f9f9755d1401a667d0a95',
47 silly install resolved     _id: 'n@1.3.0',
47 silly install resolved     scripts: {},
47 silly install resolved     _shasum: '95afad80d2c73e89151efc0b4e6a8905cbb8ed2d',
47 silly install resolved     _from: 'n@*',
47 silly install resolved     _npmVersion: '1.4.28',
47 silly install resolved     _npmUser: { name: 'tjwebb', email: 'me@traviswebb.com' },
47 silly install resolved     maintainers: [ [Object], [Object], [Object] ],
47 silly install resolved     dist:
47 silly install resolved      { shasum: '95afad80d2c73e89151efc0b4e6a8905cbb8ed2d',
47 silly install resolved        tarball: 'http://registry.npmjs.org/n/-/n-1.3.0.tgz' },
47 silly install resolved     directories: {},
47 silly install resolved     _resolved: 'https://registry.npmjs.org/n/-/n-1.3.0.tgz' } ]
48 info install n@1.3.0 into /usr/local/lib
49 info installOne n@1.3.0
50 verbose installOne of n to /usr/local/lib not in flight; installing
51 verbose lock using /Users/ryanwarner/.npm/_locks/n-a01478239d85533e.lock for /usr/local/lib/node_modules/n
52 silly install write writing n 1.3.0 to /usr/local/lib/node_modules/n
53 silly cache addNamed cb n@1.3.0
54 verbose unbuild lib/node_modules/n
55 info preuninstall n@1.3.0
56 info uninstall n@1.3.0
57 verbose unbuild rmStuff n@1.3.0 from /usr/local/lib/node_modules
58 silly gentlyRm /usr/local/bin/n is being gently removed
59 silly gentlyRm verifying /usr/local is an npm working directory
60 silly gentlyRm containing path /usr/local is under npm's control, in /usr/local
61 silly gentlyRm deletion target /usr/local/bin/n is under /usr/local
62 verbose gentlyRm vacuuming from /usr/local/bin/n up to /usr/local
63 silly vacuum-fs removing /usr/local/bin/n
64 silly vacuum-fs quitting because other entries in /usr/local/bin
65 info postuninstall n@1.3.0
66 silly gentlyRm /usr/local/lib/node_modules/n is being purged from base /usr/local
67 verbose gentlyRm don't care about contents; nuking /usr/local/lib/node_modules/n
68 silly vacuum-fs purging /usr/local/lib/node_modules/n
69 silly vacuum-fs quitting because other entries in /usr/local/lib/node_modules
70 verbose tar unpack /Users/ryanwarner/.npm/n/1.3.0/package.tgz
71 verbose tar unpacking to /usr/local/lib/node_modules/n
72 silly gentlyRm /usr/local/lib/node_modules/n is being purged
73 verbose gentlyRm don't care about contents; nuking /usr/local/lib/node_modules/n
74 silly gunzTarPerm modes [ '755', '644' ]
75 silly gunzTarPerm extractEntry package.json
76 silly gunzTarPerm modified mode [ 'package.json', 436, 420 ]
77 silly gunzTarPerm extractEntry Makefile
78 silly gunzTarPerm modified mode [ 'Makefile', 436, 420 ]
79 silly gunzTarPerm extractEntry Readme.md
80 silly gunzTarPerm modified mode [ 'Readme.md', 436, 420 ]
81 silly gunzTarPerm extractEntry bin/n
82 silly gunzTarPerm modified mode [ 'bin/n', 509, 493 ]
83 info preinstall n@1.3.0
84 silly install resolved []
85 verbose about to build /usr/local/lib/node_modules/n
86 info build /usr/local/lib/node_modules/n
87 verbose linkStuff [ true,
87 verbose linkStuff   '/usr/local/lib/node_modules',
87 verbose linkStuff   true,
87 verbose linkStuff   '/usr/local/lib/node_modules' ]
88 info linkStuff n@1.3.0
89 verbose linkBins n@1.3.0
90 verbose link bins [ { n: './bin/n' }, '/usr/local/bin', true ]
91 verbose linkMans n@1.3.0
92 verbose rebuildBundles n@1.3.0
93 silly gentlyRm /usr/local/bin/n is being gently removed
94 silly gentlyRm verifying /usr/local is an npm working directory
95 silly gentlyRm containing path /usr/local is under npm's control, in /usr/local
96 silly gentlyRm deletion target /usr/local/bin/n is under /usr/local
97 verbose gentlyRm vacuuming from /usr/local/bin/n up to /usr/local
98 info install n@1.3.0
99 info postinstall n@1.3.0
100 verbose unlock done using /Users/ryanwarner/.npm/_locks/n-a01478239d85533e.lock for /usr/local/lib/node_modules/n
101 warn unmet dependency /usr/local/lib/node_modules/headstart/node_modules/gulp-connect/node_modules/connect/node_modules/multiparty/node_modules/stream-counter requires readable-stream@'~1.1.8' but will load
101 warn unmet dependency /usr/local/lib/node_modules/headstart/node_modules/gulp-connect/node_modules/connect/node_modules/multiparty/node_modules/readable-stream,
101 warn unmet dependency which is version 1.1.13-1
102 verbose stack Error: The package yo does not satisfy its siblings' peerDependencies requirements!
102 verbose stack     at /usr/local/lib/node_modules/npm/lib/install.js:125:32
102 verbose stack     at /usr/local/lib/node_modules/npm/lib/install.js:264:7
102 verbose stack     at /usr/local/lib/node_modules/npm/node_modules/read-installed/read-installed.js:138:5
102 verbose stack     at /usr/local/lib/node_modules/npm/node_modules/read-installed/read-installed.js:251:14
102 verbose stack     at cb (/usr/local/lib/node_modules/npm/node_modules/slide/lib/async-map.js:47:24)
102 verbose stack     at /usr/local/lib/node_modules/npm/node_modules/read-installed/read-installed.js:251:14
102 verbose stack     at cb (/usr/local/lib/node_modules/npm/node_modules/slide/lib/async-map.js:47:24)
102 verbose stack     at /usr/local/lib/node_modules/npm/node_modules/read-installed/read-installed.js:251:14
102 verbose stack     at cb (/usr/local/lib/node_modules/npm/node_modules/slide/lib/async-map.js:47:24)
102 verbose stack     at /usr/local/lib/node_modules/npm/node_modules/read-installed/read-installed.js:251:14
103 verbose cwd /Users/ryanwarner/Desktop/_my-projects/boilerplates/node-mongo-login-seed
104 error Darwin 14.1.0
105 error argv "node" "/usr/local/bin/npm" "install" "-g" "n"
106 error node v0.12.0
107 error npm  v2.7.4
108 error code EPEERINVALID
109 error peerinvalid The package yo does not satisfy its siblings' peerDependencies requirements!
109 error peerinvalid Peer generator-angular@0.10.0 wants yo@>=1.0.0
109 error peerinvalid Peer generator-angular-fullstack@2.0.13 wants yo@>=1.2.0
109 error peerinvalid Peer generator-karma@0.8.3 wants yo@>=1.0.0
110 verbose exit [ 1, true ]
